NL59INGB4621372092;true
NL68INGB9592309493;true
MC8030003000304194737911T76;true
LC51ZKIZ666393263837813635744997;true
TL312129494747864459747;true
NL15RABO1876219181;true
GB33BUKB20201555555555;true
GB94BARC10201530093459;true
GB94BARC20201530093459;false
GB96BARC202015300934591;false
GB02BARC20201530093451;true
GB68CITI18500483515538;true
GB24BARC20201630093459;true
GB12BARC20201530093A59;true
GB78BARCO0201530093459;true
GB2LABBY09012857201707;true
GB01BARC20714583608387;true
GB00HLFX11016111455365;true
US64SVBKUS7S3300958879;false
AAAAAAAAAAAAAAAAAAAAAA;false
